<?xml version="1.0" encoding="UTF-8"?>
<testng-results ignored="0" total="25" passed="25" failed="0" skipped="0">
  <reporter-output>
  </reporter-output>
  <suite started-at="2024-07-05T13:39:17 IST" name="Default suite" finished-at="2024-07-05T13:41:30 IST" duration-ms="132734">
    <groups>
    </groups>
    <test started-at="2024-07-05T13:39:17 IST" name="Default test" finished-at="2024-07-05T13:41:30 IST" duration-ms="132734">
      <class name="run_Tasks.Run_Methods">
        <test-method is-config="true" signature="Setup()[pri:0, instance:run_Tasks.Run_Methods@58cbafc2]" started-at="2024-07-05T13:39:17 IST" name="Setup" finished-at="2024-07-05T13:39:26 IST" duration-ms="9301" status="PASS">
          <reporter-output>
          </reporter-output>
        </test-method> <!-- Setup -->
        <test-method signature="Scenario1()[pri:0, instance:run_Tasks.Run_Methods@58cbafc2]" started-at="2024-07-05T13:39:26 IST" name="Scenario1" finished-at="2024-07-05T13:39:32 IST" duration-ms="5266" status="PASS">
          <reporter-output>
          </reporter-output>
        </test-method> <!-- Scenario1 -->
        <test-method signature="Scenario01()[pri:1, instance:run_Tasks.Run_Methods@58cbafc2]" started-at="2024-07-05T13:39:32 IST" name="Scenario01" finished-at="2024-07-05T13:39:39 IST" duration-ms="7628" status="PASS">
          <reporter-output>
          </reporter-output>
        </test-method> <!-- Scenario01 -->
        <test-method signature="Scenario2()[pri:2, instance:run_Tasks.Run_Methods@58cbafc2]" started-at="2024-07-05T13:39:39 IST" name="Scenario2" finished-at="2024-07-05T13:39:49 IST" duration-ms="9666" status="PASS">
          <reporter-output>
          </reporter-output>
        </test-method> <!-- Scenario2 -->
        <test-method signature="Scenario03()[pri:3, instance:run_Tasks.Run_Methods@58cbafc2]" started-at="2024-07-05T13:39:49 IST" name="Scenario03" finished-at="2024-07-05T13:40:03 IST" duration-ms="14238" status="PASS">
          <reporter-output>
          </reporter-output>
        </test-method> <!-- Scenario03 -->
        <test-method signature="Scenario4()[pri:4, instance:run_Tasks.Run_Methods@58cbafc2]" started-at="2024-07-05T13:40:03 IST" name="Scenario4" finished-at="2024-07-05T13:40:47 IST" duration-ms="43949" status="PASS">
          <reporter-output>
          </reporter-output>
        </test-method> <!-- Scenario4 -->
        <test-method signature="shipping1()[pri:5, instance:run_Tasks.Run_Methods@58cbafc2]" started-at="2024-07-05T13:40:47 IST" name="shipping1" finished-at="2024-07-05T13:40:47 IST" duration-ms="105" status="PASS">
          <reporter-output>
          </reporter-output>
        </test-method> <!-- shipping1 -->
        <test-method signature="shipping2()[pri:6, instance:run_Tasks.Run_Methods@58cbafc2]" started-at="2024-07-05T13:40:47 IST" name="shipping2" finished-at="2024-07-05T13:40:48 IST" duration-ms="319" status="PASS">
          <reporter-output>
          </reporter-output>
        </test-method> <!-- shipping2 -->
        <test-method signature="shipping4()[pri:7, instance:run_Tasks.Run_Methods@58cbafc2]" started-at="2024-07-05T13:40:48 IST" name="shipping4" finished-at="2024-07-05T13:40:48 IST" duration-ms="200" status="PASS">
          <reporter-output>
          </reporter-output>
        </test-method> <!-- shipping4 -->
        <test-method signature="shipping5()[pri:8, instance:run_Tasks.Run_Methods@58cbafc2]" started-at="2024-07-05T13:40:48 IST" name="shipping5" finished-at="2024-07-05T13:40:48 IST" duration-ms="147" status="PASS">
          <reporter-output>
          </reporter-output>
        </test-method> <!-- shipping5 -->
        <test-method signature="shipping6()[pri:9, instance:run_Tasks.Run_Methods@58cbafc2]" started-at="2024-07-05T13:40:48 IST" name="shipping6" finished-at="2024-07-05T13:40:48 IST" duration-ms="171" status="PASS">
          <reporter-output>
          </reporter-output>
        </test-method> <!-- shipping6 -->
        <test-method signature="shipping7()[pri:10, instance:run_Tasks.Run_Methods@58cbafc2]" started-at="2024-07-05T13:40:48 IST" name="shipping7" finished-at="2024-07-05T13:40:48 IST" duration-ms="140" status="PASS">
          <reporter-output>
          </reporter-output>
        </test-method> <!-- shipping7 -->
        <test-method signature="shipping8()[pri:11, instance:run_Tasks.Run_Methods@58cbafc2]" started-at="2024-07-05T13:40:48 IST" name="shipping8" finished-at="2024-07-05T13:40:49 IST" duration-ms="300" status="PASS">
          <reporter-output>
          </reporter-output>
        </test-method> <!-- shipping8 -->
        <test-method signature="shipping9()[pri:12, instance:run_Tasks.Run_Methods@58cbafc2]" started-at="2024-07-05T13:40:49 IST" name="shipping9" finished-at="2024-07-05T13:40:54 IST" duration-ms="5066" status="PASS">
          <reporter-output>
          </reporter-output>
        </test-method> <!-- shipping9 -->
        <test-method signature="Scenario7()[pri:13, instance:run_Tasks.Run_Methods@58cbafc2]" started-at="2024-07-05T13:40:54 IST" name="Scenario7" finished-at="2024-07-05T13:40:59 IST" duration-ms="5071" status="PASS">
          <reporter-output>
          </reporter-output>
        </test-method> <!-- Scenario7 -->
        <test-method signature="Scenario8()[pri:14, instance:run_Tasks.Run_Methods@58cbafc2]" started-at="2024-07-05T13:40:59 IST" name="Scenario8" finished-at="2024-07-05T13:41:00 IST" duration-ms="1799" status="PASS">
          <reporter-output>
          </reporter-output>
        </test-method> <!-- Scenario8 -->
        <test-method signature="Scenario9()[pri:15, instance:run_Tasks.Run_Methods@58cbafc2]" started-at="2024-07-05T13:41:00 IST" name="Scenario9" finished-at="2024-07-05T13:41:02 IST" duration-ms="1834" status="PASS">
          <reporter-output>
          </reporter-output>
        </test-method> <!-- Scenario9 -->
        <test-method signature="Scenario10()[pri:16, instance:run_Tasks.Run_Methods@58cbafc2]" started-at="2024-07-05T13:41:02 IST" name="Scenario10" finished-at="2024-07-05T13:41:02 IST" duration-ms="67" status="PASS">
          <reporter-output>
          </reporter-output>
        </test-method> <!-- Scenario10 -->
        <test-method signature="Scenario11()[pri:17, instance:run_Tasks.Run_Methods@58cbafc2]" started-at="2024-07-05T13:41:02 IST" name="Scenario11" finished-at="2024-07-05T13:41:05 IST" duration-ms="2313" status="PASS">
          <reporter-output>
          </reporter-output>
        </test-method> <!-- Scenario11 -->
        <test-method signature="Scenario12()[pri:18, instance:run_Tasks.Run_Methods@58cbafc2]" started-at="2024-07-05T13:41:05 IST" name="Scenario12" finished-at="2024-07-05T13:41:05 IST" duration-ms="79" status="PASS">
          <reporter-output>
          </reporter-output>
        </test-method> <!-- Scenario12 -->
        <test-method signature="Scenario13()[pri:19, instance:run_Tasks.Run_Methods@58cbafc2]" started-at="2024-07-05T13:41:05 IST" name="Scenario13" finished-at="2024-07-05T13:41:06 IST" duration-ms="1267" status="PASS">
          <reporter-output>
          </reporter-output>
        </test-method> <!-- Scenario13 -->
        <test-method signature="Scenario14()[pri:20, instance:run_Tasks.Run_Methods@58cbafc2]" started-at="2024-07-05T13:41:06 IST" name="Scenario14" finished-at="2024-07-05T13:41:06 IST" duration-ms="209" status="PASS">
          <reporter-output>
          </reporter-output>
        </test-method> <!-- Scenario14 -->
        <test-method signature="Scenario15()[pri:21, instance:run_Tasks.Run_Methods@58cbafc2]" started-at="2024-07-05T13:41:06 IST" name="Scenario15" finished-at="2024-07-05T13:41:08 IST" duration-ms="1334" status="PASS">
          <reporter-output>
          </reporter-output>
        </test-method> <!-- Scenario15 -->
        <test-method signature="Scenario16()[pri:22, instance:run_Tasks.Run_Methods@58cbafc2]" started-at="2024-07-05T13:41:08 IST" name="Scenario16" finished-at="2024-07-05T13:41:08 IST" duration-ms="181" status="PASS">
          <reporter-output>
          </reporter-output>
        </test-method> <!-- Scenario16 -->
        <test-method signature="Scenario17()[pri:23, instance:run_Tasks.Run_Methods@58cbafc2]" started-at="2024-07-05T13:41:08 IST" name="Scenario17" finished-at="2024-07-05T13:41:12 IST" duration-ms="4187" status="PASS">
          <reporter-output>
          </reporter-output>
        </test-method> <!-- Scenario17 -->
        <test-method signature="Scenario18()[pri:24, instance:run_Tasks.Run_Methods@58cbafc2]" started-at="2024-07-05T13:41:12 IST" name="Scenario18" finished-at="2024-07-05T13:41:29 IST" duration-ms="17372" status="PASS">
          <reporter-output>
          </reporter-output>
        </test-method> <!-- Scenario18 -->
        <test-method is-config="true" signature="close()[pri:0, instance:run_Tasks.Run_Methods@58cbafc2]" started-at="2024-07-05T13:41:29 IST" name="close" finished-at="2024-07-05T13:41:30 IST" duration-ms="243" status="PASS">
          <reporter-output>
          </reporter-output>
        </test-method> <!-- close -->
      </class> <!-- run_Tasks.Run_Methods -->
    </test> <!-- Default test -->
  </suite> <!-- Default suite -->
</testng-results>
